Friday chat — type 'exit' to quit. I only remember the last thing we said.
you> **Primary strengths**

You're a generalist across AI infrastructure, developer tooling, and operating systems. Your strongest signal is AI infrastructure work (Aether, MindWell, vivaha), where you've built multiple systems. You show repeated discipline around architecture—most notably choosing React/Supabase for both MindWell and vivaha, suggesting you've found a stack that works and reuse it rather than chasing novelty.

**Recurring domains**

AI infrastructure dominates your recent work. Developer tooling runs as a parallel thread (Friday V2, Friday V3, finance-tracker). Mental health surfaces in MindWell. Research appears across most projects but weakly—suggesting you explore but don't lead with it.

**Technologies**

You operate across 9 languages (JavaScript, TypeScript, Python, Rust, SQL, Shell, CSS, HTML, Markdown), which is genuinely broad. No single language dominates your portfolio, though the JavaScript/TypeScript + Python combination covers most projects. Your library preference (recurring pattern in 2+ projects) suggests you value reusable, composable code over monolithic applications.

**Working style**

Your recent portfolio direction (Friday V3, vivaha, Aether are your newest starts) shows you're actively exploring. You make deliberate architectural choices and stick with them across projects rather than experimenting with each new idea. This points to pragmatism—you validate approaches before committing.

**Blind spots**

Research is present but underdeveloped across your work. I don't have visibility into your observation history or detected technologies for Friday V2 and demo-observe, so I can't assess whether those represent gaps or just detection misses.
you> Confidence: **Medium**.

The assessment covers your portfolio breadth and repeated architectural choices well—those are solid signals. The AI infrastructure and developer tooling domains are grounded in multiple projects each, and the React/Supabase reuse pattern is clear.

What weakens the confidence: the research domain surfaces across six projects but with only weak signals; I'm missing detected technologies for Friday V2 and demo-observe, so I can't assess whether those represent actual gaps or just incomplete data; and the assessment relies on portfolio direction and engineering decisions rather than current activity or intention. A direct observation run would close some of that gap.
you> I don't have enough evidence to answer that directly. The previous evidence identifies *what* you're working on across domains—AI infrastructure, developer tooling, mental health—and *how* you're building it (React/Supabase reuse, preference for libraries)—but it doesn't explain the reasoning behind those choices.

To answer "why" with confidence, I'd need:
- Your stated goals or intentions for those domains
- Decisions or trade-offs documented in project readmes or planning
- Current observation data (from `friday observe`) showing what's actively driving your work

The evidence suggests patterns—like your repeated React/Supabase choice and library-first approach—but not *why* you made them. Is it pragmatism, product fit, team skill, or something else? That gap is exactly what the previous answer flagged as a limitation.
you> The previous answer rested on these specific facts from the Evidence:

1. **Pattern of React/Supabase reuse**: MindWell and vivaha are both built on React/Supabase—the basis for claiming you have a repeated architectural choice.

2. **Library as a specialization signal**: Library appears as the system type in 2 projects, supporting the claim that you reach for libraries most often.

3. **Domains identified**: The Evidence lists 6 engineering domains (AI infrastructure, developer tooling, operating systems, mental health, research, products, commercial applications) with confidence levels—the basis for saying you work across diverse domains.

4. **Language breadth**: You work in 9 languages (CSS, HTML, JavaScript, Markdown, Python, Rust, SQL, Shell, TypeScript)—evidence of generalist reach.

5. **Missing stated goals or decisions**: The Evidence explicitly flags "missing evidence" for stated goals, intentions, trade-off reasoning, or current observation data—which is why the answer said "I don't have enough evidence to answer that directly" and identified what *would* be needed.

The gap the answer highlighted—not knowing *why* you made those choices—is itself an evidence fact: the Evidence says "decisions or trade-offs documented in project readmes or planning" and "current observation data (from `friday observe`)" are absent.
you> Based on the Evidence, **Friday V3 is newest**, with its first commit on 2026-07-12.

This is 2 days ahead of Friday V2 (2026-07-10) and 6 days ahead of Friday (2026-07-06).

Confidence: Strong — based on git metadata.

Note: The Evidence covers only 3 of 8 repositories. The full picture of what's newest across your entire portfolio would require running `friday observe` to capture current activity and uncommitted changes.
you> I don't have enough evidence to answer that.

The Evidence provided contains current project state and technology inventory, but no timestamps, creation dates, or git metadata indicating which knowledge is oldest. The previous exchange references git dates for Friday, Friday V2, and Friday V3, but those are not included in the current Evidence block.

To answer what knowledge is oldest, I would need:
- First commit dates or creation timestamps across all 8 projects
- Documentation creation dates or knowledge-capture milestones
- Observation history showing when knowledge was first recorded

Running `friday observe` would capture current activity, but would not retroactively surface the oldest knowledge already accumulated. You'd need historical git metadata or a knowledge timeline to answer this question.
you> I don't have evidence to answer that. The previous Evidence contains only current project state and technology inventory—no timestamps, git history, commit dates, or observation records showing what changed recently.

To surface what changed, I would need git metadata (recent commits, file modifications) or observation history comparing earlier snapshots to the current state. The Evidence notes that "Long-term engineering trends cannot yet be determined because only one observation exists."
you> I can't expand further. The previous Evidence contains only a technology inventory and project purposes—it has no timestamps, git history, commit metadata, or comparative snapshots that would let me elaborate on what changed, why it matters, or how projects are evolving.

The Evidence explicitly states: "Long-term engineering trends cannot yet be determined because only one observation exists."

To expand meaningfully, I would need:
- Git history (commit dates, authorship, frequency of changes)
- Multiple observations over time (showing what's new, what's stalled, what's shifting)
- Uncommitted changes or pending work
- Dependency version changes or technology migrations

Without that, I can only repeat what's already stated: you have 7 projects across Python, TypeScript, and Rust; some share technologies; several are candidates for Friday integration. That's the full scope of what the Evidence supports.
you> 
