=== KNOWLEDGE HISTORY (append-only per subject) ===

Cargo [technology_investment] now=medium/verified
   2026-07-14T17:21:39  conf=medium status=candidate ev=20
   2026-07-14T17:21:39  conf=medium status=verified ev=35

Cargo [engineering_interest] now=medium/candidate
   2026-07-14T17:21:39  conf=medium status=candidate ev=0

Python [technology_investment] now=strong/dormant
   2026-07-14T17:21:38  conf=medium status=candidate ev=18
   2026-07-14T17:21:39  conf=strong status=verified ev=45
   2026-07-14T17:21:39  conf=strong status=verified ev=46

Python [engineering_interest] now=weak/dormant
   2026-07-14T17:21:39  conf=strong status=candidate ev=0
   2026-07-14T17:21:39  conf=weak   status=verified ev=0

Rust [technology_investment] now=medium/verified
   2026-07-14T17:21:38  conf=weak   status=candidate ev=5
   2026-07-14T17:21:39  conf=medium status=verified ev=22
   2026-07-14T17:21:39  conf=medium status=verified ev=37

Rust [engineering_interest] now=weak/verified
   2026-07-14T17:21:39  conf=medium status=candidate ev=0
   2026-07-14T17:21:39  conf=weak   status=verified ev=0

Rust Cargo ecosystem [technology_investment] now=medium/candidate
   2026-07-14T17:21:39  conf=medium status=candidate ev=20

=== EVOLUTION EVENTS ===
2026-07-14T17:21:39  Weakened   (medium->weak)  Rust
      Effective confidence dropped medium->weak as recent supporting evidence aged relative to its peak.
2026-07-14T17:21:39  Weakened   (strong->weak)  Python
      Contradicting evidence: subject 'Python' now shows inactive/removed signals; confidence dropped strong->weak.
2026-07-14T17:21:39  Verified   (medium->medium)  Cargo
      Lifecycle advanced candidate->verified.
2026-07-14T17:21:39  Verified   (medium->weak)  Rust
      Lifecycle advanced candidate->verified.
2026-07-14T17:21:39  Verified   (strong->weak)  Python
      Lifecycle advanced candidate->verified.
2026-07-14T17:21:39  Strengthened  Rust Cargo ecosystem
      Knowledge emerged with 20 evidence (status candidate).
2026-07-14T17:21:39  Strengthened  Cargo
      Knowledge emerged with 0 evidence (status candidate).
2026-07-14T17:21:39  Split       Python  [related: Cargo,Rust Cargo ecosystem]
      Prior knowledge split into: Rust Cargo ecosystem, Cargo.
2026-07-14T17:21:39  Split       Python  [related: Cargo,Rust Cargo ecosystem]
      Prior knowledge split into: Rust Cargo ecosystem, Cargo.
2026-07-14T17:21:39  Merged      Rust Cargo ecosystem  [related: Cargo,Rust]
      Converges prior knowledge: Rust, Cargo.
2026-07-14T17:21:39  Dormant     Python
      Newer observation shows 'Python' is no longer used (removal/archived/inactive signal). Prior belief retained in history; transitioned Dormant, not deleted.
2026-07-14T17:21:39  Contradicted  Python
      Newer observation shows 'Python' is no longer used (removal/archived/inactive signal). Prior belief retained in history; transitioned Contradicted, not deleted.
2026-07-14T17:21:39  Verified   (weak->medium)  Rust
      Lifecycle advanced candidate->verified.
2026-07-14T17:21:39  Verified   (medium->strong)  Python
      Lifecycle advanced candidate->verified.
2026-07-14T17:21:39  Strengthened  Cargo
      Knowledge emerged with 20 evidence (status candidate).
2026-07-14T17:21:39  Strengthened  Rust
      Knowledge emerged with 0 evidence (status candidate).
2026-07-14T17:21:39  Strengthened  Python
      Knowledge emerged with 0 evidence (status candidate).
2026-07-14T17:21:39  Strengthened (weak->medium)  Rust
      Confidence grew weak->medium as evidence rose 5->22.
2026-07-14T17:21:39  Strengthened (medium->strong)  Python
      Confidence grew medium->strong as evidence rose 18->45.
2026-07-14T17:21:38  Strengthened  Rust
      Knowledge emerged with 5 evidence (status candidate).
2026-07-14T17:21:38  Strengthened  Python
      Knowledge emerged with 18 evidence (status candidate).
